TrainingTraining...

EPOCH 1 ...
Validation Accuracy = 0.235, loss=2.957
EPOCH 2 ...
Validation Accuracy = 0.463, loss=2.057
EPOCH 3 ...
Validation Accuracy = 0.578, loss=1.556
EPOCH 4 ...
Validation Accuracy = 0.662, loss=1.216
EPOCH 5 ...
Validation Accuracy = 0.704, loss=1.012
EPOCH 6 ...
Validation Accuracy = 0.739, loss=0.908
EPOCH 7 ...
Validation Accuracy = 0.762, loss=0.899
EPOCH 8 ...
Validation Accuracy = 0.780, loss=0.771
EPOCH 9 ...
Validation Accuracy = 0.795, loss=0.731
EPOCH 10 ...
Validation Accuracy = 0.812, loss=0.632
EPOCH 11 ...
Validation Accuracy = 0.822, loss=0.581
EPOCH 12 ...
Validation Accuracy = 0.834, loss=0.615
EPOCH 13 ...
Validation Accuracy = 0.840, loss=0.515
EPOCH 14 ...
Validation Accuracy = 0.849, loss=0.522
EPOCH 15 ...
Validation Accuracy = 0.858, loss=0.535
EPOCH 16 ...
Validation Accuracy = 0.864, loss=0.499
EPOCH 17 ...
Validation Accuracy = 0.869, loss=0.485
EPOCH 18 ...
Validation Accuracy = 0.877, loss=0.448
EPOCH 19 ...
Validation Accuracy = 0.881, loss=0.441
EPOCH 20 ...
Validation Accuracy = 0.885, loss=0.314
EPOCH 21 ...
Validation Accuracy = 0.889, loss=0.488
EPOCH 22 ...
Validation Accuracy = 0.889, loss=0.322
EPOCH 23 ...
Validation Accuracy = 0.892, loss=0.351
EPOCH 24 ...
Validation Accuracy = 0.893, loss=0.274
EPOCH 25 ...
Validation Accuracy = 0.893, loss=0.319
EPOCH 26 ...
Validation Accuracy = 0.895, loss=0.389
EPOCH 27 ...
Validation Accuracy = 0.898, loss=0.355
EPOCH 28 ...
Validation Accuracy = 0.900, loss=0.381
EPOCH 29 ...
Validation Accuracy = 0.902, loss=0.337
EPOCH 30 ...
Validation Accuracy = 0.905, loss=0.373
EPOCH 31 ...
Validation Accuracy = 0.905, loss=0.307
EPOCH 32 ...
Validation Accuracy = 0.906, loss=0.265
EPOCH 33 ...
Validation Accuracy = 0.908, loss=0.348
EPOCH 34 ...
Validation Accuracy = 0.910, loss=0.254
EPOCH 35 ...
Validation Accuracy = 0.912, loss=0.274
EPOCH 36 ...
Validation Accuracy = 0.909, loss=0.351
EPOCH 37 ...
Validation Accuracy = 0.914, loss=0.396
EPOCH 38 ...
Validation Accuracy = 0.917, loss=0.335
EPOCH 39 ...
Validation Accuracy = 0.917, loss=0.210
EPOCH 40 ...
Validation Accuracy = 0.917, loss=0.239
Test Accuracy = 0.852, loss=0.727
Model saved
